<?xml version="1.0" encoding="UTF-8"?>
<testsuites>
  <testsuite name="acceptance" tests="14" assertions="14" errors="0" failures="0" skipped="0" time="0.178658">
    <testcase file="/Users/Computer/Documents/_____synch/0_ITB_teaching/_MODULE_s2_yr3_webFrame/02_assessment/2023/2_lab_test/2023-webf-sample-test/tests/acceptance/Type4_Data_Checks_Cest.php" name="test_TYPE_4_01_seeCorrectNumberOfItems" class="Type4_Data_Checks_Cest" feature="test_type_4_01_see correct number of items" assertions="1" time="0.031325"/>
    <testcase file="/Users/Computer/Documents/_____synch/0_ITB_teaching/_MODULE_s2_yr3_webFrame/02_assessment/2023/2_lab_test/2023-webf-sample-test/tests/acceptance/Type4_Data_Checks_Cest.php" name="test_TYPE_4_02_seeNameContentForFixtureModule1" class="Type4_Data_Checks_Cest" feature="test_type_4_02_see name content for fixture module1" assertions="1" time="0.010354"/>
    <testcase file="/Users/Computer/Documents/_____synch/0_ITB_teaching/_MODULE_s2_yr3_webFrame/02_assessment/2023/2_lab_test/2023-webf-sample-test/tests/acceptance/Type4_Data_Checks_Cest.php" name="test_TYPE_4_03_seeYearContentForFixtureModule1" class="Type4_Data_Checks_Cest" feature="test_type_4_03_see year content for fixture module1" assertions="1" time="0.010023"/>
    <testcase file="/Users/Computer/Documents/_____synch/0_ITB_teaching/_MODULE_s2_yr3_webFrame/02_assessment/2023/2_lab_test/2023-webf-sample-test/tests/acceptance/Type4_Data_Checks_Cest.php" name="test_TYPE_4_04_seeNameContentForFixtureModule2" class="Type4_Data_Checks_Cest" feature="test_type_4_04_see name content for fixture module2" assertions="1" time="0.009436"/>
    <testcase file="/Users/Computer/Documents/_____synch/0_ITB_teaching/_MODULE_s2_yr3_webFrame/02_assessment/2023/2_lab_test/2023-webf-sample-test/tests/acceptance/Type4_Data_Checks_Cest.php" name="test_TYPE_4_05_seeYearContentForFixtureModule2" class="Type4_Data_Checks_Cest" feature="test_type_4_05_see year content for fixture module2" assertions="1" time="0.016349"/>
    <testcase file="/Users/Computer/Documents/_____synch/0_ITB_teaching/_MODULE_s2_yr3_webFrame/02_assessment/2023/2_lab_test/2023-webf-sample-test/tests/acceptance/Type4_Data_Checks_Cest.php" name="test_TYPE_4_06_seeTableDataElementContentForModule" class="Type4_Data_Checks_Cest" feature="test_type_4_06_see table data element content for module | &quot;/?action=modules&quot;,&quot;1: Web Framework Development, year 3&quot;,&quot;table td&quot;" assertions="1" time="0.013699"/>
    <testcase file="/Users/Computer/Documents/_____synch/0_ITB_teaching/_MODULE_s2_yr3_webFrame/02_assessment/2023/2_lab_test/2023-webf-sample-test/tests/acceptance/Type4_Data_Checks_Cest.php" name="test_TYPE_4_06_seeTableDataElementContentForModule" class="Type4_Data_Checks_Cest" feature="test_type_4_06_see table data element content for module | &quot;/?action=modules&quot;,&quot;2: Software Development, year 2&quot;,&quot;table td&quot;" assertions="1" time="0.008864"/>
    <testcase file="/Users/Computer/Documents/_____synch/0_ITB_teaching/_MODULE_s2_yr3_webFrame/02_assessment/2023/2_lab_test/2023-webf-sample-test/tests/acceptance/Type4_Data_Checks_Cest.php" name="test_TYPE_4_06_seeTableDataElementContentForModule" class="Type4_Data_Checks_Cest" feature="test_type_4_06_see table data element content for module | &quot;/?action=modules&quot;,&quot;3: Final Year Project, year 4&quot;,&quot;table td&quot;" assertions="1" time="0.009065"/>
    <testcase file="/Users/Computer/Documents/_____synch/0_ITB_teaching/_MODULE_s2_yr3_webFrame/02_assessment/2023/2_lab_test/2023-webf-sample-test/tests/acceptance/Type4_Data_Checks_Cest.php" name="test_TYPE_4_07_seeDetailsForRecord1" class="Type4_Data_Checks_Cest" feature="test_type_4_07_see details for record1 | &quot;/?action=module&amp;id=1&quot;,&quot;Module 1&quot;,&quot;p&quot;" assertions="1" time="0.010890"/>
    <testcase file="/Users/Computer/Documents/_____synch/0_ITB_teaching/_MODULE_s2_yr3_webFrame/02_assessment/2023/2_lab_test/2023-webf-sample-test/tests/acceptance/Type4_Data_Checks_Cest.php" name="test_TYPE_4_07_seeDetailsForRecord1" class="Type4_Data_Checks_Cest" feature="test_type_4_07_see details for record1 | &quot;/?action=module&amp;id=1&quot;,&quot;name = Web Framework Development&quot;,&quot;ul li&quot;" assertions="1" time="0.009760"/>
    <testcase file="/Users/Computer/Documents/_____synch/0_ITB_teaching/_MODULE_s2_yr3_webFrame/02_assessment/2023/2_lab_test/2023-webf-sample-test/tests/acceptance/Type4_Data_Checks_Cest.php" name="test_TYPE_4_07_seeDetailsForRecord1" class="Type4_Data_Checks_Cest" feature="test_type_4_07_see details for record1 | &quot;/?action=module&amp;id=1&quot;,&quot;year = 3&quot;,&quot;ul li&quot;" assertions="1" time="0.010472"/>
    <testcase file="/Users/Computer/Documents/_____synch/0_ITB_teaching/_MODULE_s2_yr3_webFrame/02_assessment/2023/2_lab_test/2023-webf-sample-test/tests/acceptance/Type4_Data_Checks_Cest.php" name="test_TYPE_4_07_seeDetailsForRecord2" class="Type4_Data_Checks_Cest" feature="test_type_4_07_see details for record2 | &quot;/?action=module&amp;id=2&quot;,&quot;Module 2&quot;,&quot;p&quot;" assertions="1" time="0.011008"/>
    <testcase file="/Users/Computer/Documents/_____synch/0_ITB_teaching/_MODULE_s2_yr3_webFrame/02_assessment/2023/2_lab_test/2023-webf-sample-test/tests/acceptance/Type4_Data_Checks_Cest.php" name="test_TYPE_4_07_seeDetailsForRecord2" class="Type4_Data_Checks_Cest" feature="test_type_4_07_see details for record2 | &quot;/?action=module&amp;id=2&quot;,&quot;name = Software Development&quot;,&quot;ul li&quot;" assertions="1" time="0.010613"/>
    <testcase file="/Users/Computer/Documents/_____synch/0_ITB_teaching/_MODULE_s2_yr3_webFrame/02_assessment/2023/2_lab_test/2023-webf-sample-test/tests/acceptance/Type4_Data_Checks_Cest.php" name="test_TYPE_4_07_seeDetailsForRecord2" class="Type4_Data_Checks_Cest" feature="test_type_4_07_see details for record2 | &quot;/?action=module&amp;id=2&quot;,&quot;year = 2&quot;,&quot;ul li&quot;" assertions="1" time="0.016801"/>
  </testsuite>
</testsuites>
