<?xml version="1.0" encoding="UTF-8"?>
<testsuites>
  <testsuite name="acceptance" tests="19" assertions="19" errors="0" failures="15" skipped="0" time="2.425471">
    <testcase file="/Users/Computer/Documents/_____synch/0_ITB_teaching/_MODULE_s2_yr3_webFrame/02_assessment/2023/2_lab_test/test1_SAMPLE_Modules/test1_SAMPLE_ShoppingList_web/tests/acceptance/AboutCest.php" name="seeOneNavListItemOnHomePage" class="AboutCest" feature="see one nav list item on home page" assertions="1" time="1.123233">
      <failure type="PHPUnit\Framework\ExpectationFailedException">AboutCest: See one nav list item on home page
Number of elements counted differs from expected number
Failed asserting that 0 matches expected 1.

/Users/Computer/Documents/_____synch/0_ITB_teaching/_MODULE_s2_yr3_webFrame/02_assessment/2023/2_lab_test/test1_SAMPLE_Modules/test1_SAMPLE_ShoppingList_web/tests/_support/_generated/AcceptanceTesterActions.php:1415
/Users/Computer/Documents/_____synch/0_ITB_teaching/_MODULE_s2_yr3_webFrame/02_assessment/2023/2_lab_test/test1_SAMPLE_Modules/test1_SAMPLE_ShoppingList_web/tests/acceptance/AboutCest.php:8
/Users/Computer/Documents/_____synch/0_ITB_teaching/_MODULE_s2_yr3_webFrame/02_assessment/2023/2_lab_test/test1_SAMPLE_Modules/test1_SAMPLE_ShoppingList_web/vendor/bin/codecept:120
</failure>
    </testcase>
    <testcase file="/Users/Computer/Documents/_____synch/0_ITB_teaching/_MODULE_s2_yr3_webFrame/02_assessment/2023/2_lab_test/test1_SAMPLE_Modules/test1_SAMPLE_ShoppingList_web/tests/acceptance/AboutCest.php" name="canClickAboutPageLinkFromHomePage" class="AboutCest" feature="can click about page link from home page" assertions="0" time="0.034500">
      <failure type="Codeception\Exception\ElementNotFound">AboutCest: Can click about page link from home page
Link or Button by name or CSS or XPath element with 'about page' was not found.

/Users/Computer/Documents/_____synch/0_ITB_teaching/_MODULE_s2_yr3_webFrame/02_assessment/2023/2_lab_test/test1_SAMPLE_Modules/test1_SAMPLE_ShoppingList_web/tests/_support/_generated/AcceptanceTesterActions.php:231
/Users/Computer/Documents/_____synch/0_ITB_teaching/_MODULE_s2_yr3_webFrame/02_assessment/2023/2_lab_test/test1_SAMPLE_Modules/test1_SAMPLE_ShoppingList_web/tests/acceptance/AboutCest.php:14
/Users/Computer/Documents/_____synch/0_ITB_teaching/_MODULE_s2_yr3_webFrame/02_assessment/2023/2_lab_test/test1_SAMPLE_Modules/test1_SAMPLE_ShoppingList_web/vendor/bin/codecept:120
</failure>
    </testcase>
    <testcase file="/Users/Computer/Documents/_____synch/0_ITB_teaching/_MODULE_s2_yr3_webFrame/02_assessment/2023/2_lab_test/test1_SAMPLE_Modules/test1_SAMPLE_ShoppingList_web/tests/acceptance/AboutCest.php" name="urlHasActionAboutWhenClickAboutPageLink" class="AboutCest" feature="url has action about when click about page link" assertions="0" time="0.024750">
      <failure type="Codeception\Exception\ElementNotFound">AboutCest: Url has action about when click about page link
Link or Button by name or CSS or XPath element with 'about page' was not found.

/Users/Computer/Documents/_____synch/0_ITB_teaching/_MODULE_s2_yr3_webFrame/02_assessment/2023/2_lab_test/test1_SAMPLE_Modules/test1_SAMPLE_ShoppingList_web/tests/_support/_generated/AcceptanceTesterActions.php:231
/Users/Computer/Documents/_____synch/0_ITB_teaching/_MODULE_s2_yr3_webFrame/02_assessment/2023/2_lab_test/test1_SAMPLE_Modules/test1_SAMPLE_ShoppingList_web/tests/acceptance/AboutCest.php:20
/Users/Computer/Documents/_____synch/0_ITB_teaching/_MODULE_s2_yr3_webFrame/02_assessment/2023/2_lab_test/test1_SAMPLE_Modules/test1_SAMPLE_ShoppingList_web/vendor/bin/codecept:120
</failure>
    </testcase>
    <testcase file="/Users/Computer/Documents/_____synch/0_ITB_teaching/_MODULE_s2_yr3_webFrame/02_assessment/2023/2_lab_test/test1_SAMPLE_Modules/test1_SAMPLE_ShoppingList_web/tests/acceptance/AboutCest.php" name="aboutPageContentConfirmed" class="AboutCest" feature="about page content confirmed" assertions="0" time="0.028570">
      <failure type="Codeception\Exception\ElementNotFound">AboutCest: About page content confirmed
Link or Button by name or CSS or XPath element with 'about page' was not found.

/Users/Computer/Documents/_____synch/0_ITB_teaching/_MODULE_s2_yr3_webFrame/02_assessment/2023/2_lab_test/test1_SAMPLE_Modules/test1_SAMPLE_ShoppingList_web/tests/_support/_generated/AcceptanceTesterActions.php:231
/Users/Computer/Documents/_____synch/0_ITB_teaching/_MODULE_s2_yr3_webFrame/02_assessment/2023/2_lab_test/test1_SAMPLE_Modules/test1_SAMPLE_ShoppingList_web/tests/acceptance/AboutCest.php:28
/Users/Computer/Documents/_____synch/0_ITB_teaching/_MODULE_s2_yr3_webFrame/02_assessment/2023/2_lab_test/test1_SAMPLE_Modules/test1_SAMPLE_ShoppingList_web/vendor/bin/codecept:120
</failure>
    </testcase>
    <testcase file="/Users/Computer/Documents/_____synch/0_ITB_teaching/_MODULE_s2_yr3_webFrame/02_assessment/2023/2_lab_test/test1_SAMPLE_Modules/test1_SAMPLE_ShoppingList_web/tests/acceptance/AboutCest.php" name="noErrorCssClassWhenClickAboutPageLink" class="AboutCest" feature="no error css class when click about page link" assertions="0" time="0.024498">
      <failure type="Codeception\Exception\ElementNotFound">AboutCest: No error css class when click about page link
Link or Button by name or CSS or XPath element with 'about page' was not found.

/Users/Computer/Documents/_____synch/0_ITB_teaching/_MODULE_s2_yr3_webFrame/02_assessment/2023/2_lab_test/test1_SAMPLE_Modules/test1_SAMPLE_ShoppingList_web/tests/_support/_generated/AcceptanceTesterActions.php:231
/Users/Computer/Documents/_____synch/0_ITB_teaching/_MODULE_s2_yr3_webFrame/02_assessment/2023/2_lab_test/test1_SAMPLE_Modules/test1_SAMPLE_ShoppingList_web/tests/acceptance/AboutCest.php:37
/Users/Computer/Documents/_____synch/0_ITB_teaching/_MODULE_s2_yr3_webFrame/02_assessment/2023/2_lab_test/test1_SAMPLE_Modules/test1_SAMPLE_ShoppingList_web/vendor/bin/codecept:120
</failure>
    </testcase>
    <testcase file="/Users/Computer/Documents/_____synch/0_ITB_teaching/_MODULE_s2_yr3_webFrame/02_assessment/2023/2_lab_test/test1_SAMPLE_Modules/test1_SAMPLE_ShoppingList_web/tests/acceptance/HomePageCest.php" name="pageHasHttpSuccessCode" class="HomePageCest" feature="page has http success code | &quot;/&quot;" assertions="2" time="0.052897"/>
    <testcase file="/Users/Computer/Documents/_____synch/0_ITB_teaching/_MODULE_s2_yr3_webFrame/02_assessment/2023/2_lab_test/test1_SAMPLE_Modules/test1_SAMPLE_ShoppingList_web/tests/acceptance/HomePageCest.php" name="pageHasHttpSuccessCode" class="HomePageCest" feature="page has http success code | &quot;/?action=about&quot;" assertions="2" time="0.023788"/>
    <testcase file="/Users/Computer/Documents/_____synch/0_ITB_teaching/_MODULE_s2_yr3_webFrame/02_assessment/2023/2_lab_test/test1_SAMPLE_Modules/test1_SAMPLE_ShoppingList_web/tests/acceptance/HomePageCest.php" name="pageValidHtmlNoErrors" class="HomePageCest" feature="page valid html no errors | &quot;/&quot;" assertions="1" time="0.468131">
      <failure type="PHPUnit\Framework\AssertionFailedError">HomePageCest: Page valid html no errors | "/"
Markup validator message:
Type: error
Summary: Non-space characters found without seeing a doctype first. Expected “&lt;!DOCTYPE html&gt;”.
Details: unavailable
First Line: unavailable
Last Line: 1
Markup: File not found.


Markup validator message:
Type: error
Summary: Element “head” is missing a required instance of child element “title”.
Details: unavailable
First Line: unavailable
Last Line: 1
Markup: File not found.


Markup validator message:
Type: warning
Summary: Consider adding a “lang” attribute to the “html” start tag to declare the language of this document.
Details: unavailable
First Line: unavailable
Last Line: 1
Markup: File not found.

/Users/Computer/Documents/_____synch/0_ITB_teaching/_MODULE_s2_yr3_webFrame/02_assessment/2023/2_lab_test/test1_SAMPLE_Modules/test1_SAMPLE_ShoppingList_web/vendor/mattsmithdev/codeception-markup-validator/sources/Module/MarkupValidator.php:107
/Users/Computer/Documents/_____synch/0_ITB_teaching/_MODULE_s2_yr3_webFrame/02_assessment/2023/2_lab_test/test1_SAMPLE_Modules/test1_SAMPLE_ShoppingList_web/tests/_support/_generated/AcceptanceTesterActions.php:1758
/Users/Computer/Documents/_____synch/0_ITB_teaching/_MODULE_s2_yr3_webFrame/02_assessment/2023/2_lab_test/test1_SAMPLE_Modules/test1_SAMPLE_ShoppingList_web/tests/acceptance/HomePageCest.php:27
/Users/Computer/Documents/_____synch/0_ITB_teaching/_MODULE_s2_yr3_webFrame/02_assessment/2023/2_lab_test/test1_SAMPLE_Modules/test1_SAMPLE_ShoppingList_web/vendor/bin/codecept:120
</failure>
    </testcase>
    <testcase file="/Users/Computer/Documents/_____synch/0_ITB_teaching/_MODULE_s2_yr3_webFrame/02_assessment/2023/2_lab_test/test1_SAMPLE_Modules/test1_SAMPLE_ShoppingList_web/tests/acceptance/HomePageCest.php" name="pageValidHtmlNoErrors" class="HomePageCest" feature="page valid html no errors | &quot;/?action=about&quot;" assertions="1" time="0.147986">
      <failure type="PHPUnit\Framework\AssertionFailedError">HomePageCest: Page valid html no errors | "/?action=about"
Markup validator message:
Type: error
Summary: Non-space characters found without seeing a doctype first. Expected “&lt;!DOCTYPE html&gt;”.
Details: unavailable
First Line: unavailable
Last Line: 1
Markup: File not found.


Markup validator message:
Type: error
Summary: Element “head” is missing a required instance of child element “title”.
Details: unavailable
First Line: unavailable
Last Line: 1
Markup: File not found.


Markup validator message:
Type: warning
Summary: Consider adding a “lang” attribute to the “html” start tag to declare the language of this document.
Details: unavailable
First Line: unavailable
Last Line: 1
Markup: File not found.

/Users/Computer/Documents/_____synch/0_ITB_teaching/_MODULE_s2_yr3_webFrame/02_assessment/2023/2_lab_test/test1_SAMPLE_Modules/test1_SAMPLE_ShoppingList_web/vendor/mattsmithdev/codeception-markup-validator/sources/Module/MarkupValidator.php:107
/Users/Computer/Documents/_____synch/0_ITB_teaching/_MODULE_s2_yr3_webFrame/02_assessment/2023/2_lab_test/test1_SAMPLE_Modules/test1_SAMPLE_ShoppingList_web/tests/_support/_generated/AcceptanceTesterActions.php:1758
/Users/Computer/Documents/_____synch/0_ITB_teaching/_MODULE_s2_yr3_webFrame/02_assessment/2023/2_lab_test/test1_SAMPLE_Modules/test1_SAMPLE_ShoppingList_web/tests/acceptance/HomePageCest.php:27
/Users/Computer/Documents/_____synch/0_ITB_teaching/_MODULE_s2_yr3_webFrame/02_assessment/2023/2_lab_test/test1_SAMPLE_Modules/test1_SAMPLE_ShoppingList_web/vendor/bin/codecept:120
</failure>
    </testcase>
    <testcase file="/Users/Computer/Documents/_____synch/0_ITB_teaching/_MODULE_s2_yr3_webFrame/02_assessment/2023/2_lab_test/test1_SAMPLE_Modules/test1_SAMPLE_ShoppingList_web/tests/acceptance/HomePageCest.php" name="canVisitWebsiteRoot" class="HomePageCest" feature="can visit website root" assertions="2" time="0.027285"/>
    <testcase file="/Users/Computer/Documents/_____synch/0_ITB_teaching/_MODULE_s2_yr3_webFrame/02_assessment/2023/2_lab_test/test1_SAMPLE_Modules/test1_SAMPLE_ShoppingList_web/tests/acceptance/HomePageCest.php" name="canVisitAboutPage" class="HomePageCest" feature="can visit about page" assertions="2" time="0.022091"/>
    <testcase file="/Users/Computer/Documents/_____synch/0_ITB_teaching/_MODULE_s2_yr3_webFrame/02_assessment/2023/2_lab_test/test1_SAMPLE_Modules/test1_SAMPLE_ShoppingList_web/tests/acceptance/HomePageCest.php" name="seeHomePageTextSomewhere" class="HomePageCest" feature="see home page text somewhere" assertions="1" time="0.032324">
      <failure type="PHPUnit\Framework\ExpectationFailedException">HomePageCest: See home page text somewhere
Failed asserting that  on page /
--&gt; File not found. 
--&gt; contains "Home Page".

/Users/Computer/Documents/_____synch/0_ITB_teaching/_MODULE_s2_yr3_webFrame/02_assessment/2023/2_lab_test/test1_SAMPLE_Modules/test1_SAMPLE_ShoppingList_web/tests/_support/_generated/AcceptanceTesterActions.php:270
/Users/Computer/Documents/_____synch/0_ITB_teaching/_MODULE_s2_yr3_webFrame/02_assessment/2023/2_lab_test/test1_SAMPLE_Modules/test1_SAMPLE_ShoppingList_web/tests/acceptance/HomePageCest.php:50
/Users/Computer/Documents/_____synch/0_ITB_teaching/_MODULE_s2_yr3_webFrame/02_assessment/2023/2_lab_test/test1_SAMPLE_Modules/test1_SAMPLE_ShoppingList_web/vendor/bin/codecept:120
</failure>
    </testcase>
    <testcase file="/Users/Computer/Documents/_____synch/0_ITB_teaching/_MODULE_s2_yr3_webFrame/02_assessment/2023/2_lab_test/test1_SAMPLE_Modules/test1_SAMPLE_ShoppingList_web/tests/acceptance/HomePageCest.php" name="seeHomePageTextInBody" class="HomePageCest" feature="see home page text in body" assertions="1" time="0.030256">
      <failure type="PHPUnit\Framework\ExpectationFailedException">HomePageCest: See home page text in body
Failed asserting that any element by '"css":"body"' on page / 
+ &lt;body&gt;&lt;p&gt;File not found.
&lt;/p&gt;&lt;/body&gt;
contains text 'Home Page'

/Users/Computer/Documents/_____synch/0_ITB_teaching/_MODULE_s2_yr3_webFrame/02_assessment/2023/2_lab_test/test1_SAMPLE_Modules/test1_SAMPLE_ShoppingList_web/tests/_support/_generated/AcceptanceTesterActions.php:270
/Users/Computer/Documents/_____synch/0_ITB_teaching/_MODULE_s2_yr3_webFrame/02_assessment/2023/2_lab_test/test1_SAMPLE_Modules/test1_SAMPLE_ShoppingList_web/tests/acceptance/HomePageCest.php:56
/Users/Computer/Documents/_____synch/0_ITB_teaching/_MODULE_s2_yr3_webFrame/02_assessment/2023/2_lab_test/test1_SAMPLE_Modules/test1_SAMPLE_ShoppingList_web/vendor/bin/codecept:120
</failure>
    </testcase>
    <testcase file="/Users/Computer/Documents/_____synch/0_ITB_teaching/_MODULE_s2_yr3_webFrame/02_assessment/2023/2_lab_test/test1_SAMPLE_Modules/test1_SAMPLE_ShoppingList_web/tests/acceptance/HomePageCest.php" name="seeHomePageTextInTitle" class="HomePageCest" feature="see home page text in title" assertions="1" time="0.022561">
      <failure type="Codeception\Exception\ElementNotFound">HomePageCest: See home page text in title
Element located either by name, CSS or XPath element with '"css":"title"' was not found.

/Users/Computer/Documents/_____synch/0_ITB_teaching/_MODULE_s2_yr3_webFrame/02_assessment/2023/2_lab_test/test1_SAMPLE_Modules/test1_SAMPLE_ShoppingList_web/tests/_support/_generated/AcceptanceTesterActions.php:270
/Users/Computer/Documents/_____synch/0_ITB_teaching/_MODULE_s2_yr3_webFrame/02_assessment/2023/2_lab_test/test1_SAMPLE_Modules/test1_SAMPLE_ShoppingList_web/tests/acceptance/HomePageCest.php:62
/Users/Computer/Documents/_____synch/0_ITB_teaching/_MODULE_s2_yr3_webFrame/02_assessment/2023/2_lab_test/test1_SAMPLE_Modules/test1_SAMPLE_ShoppingList_web/vendor/bin/codecept:120
</failure>
    </testcase>
    <testcase file="/Users/Computer/Documents/_____synch/0_ITB_teaching/_MODULE_s2_yr3_webFrame/02_assessment/2023/2_lab_test/test1_SAMPLE_Modules/test1_SAMPLE_ShoppingList_web/tests/acceptance/HomePageCest.php" name="seeHelloWebWorldInBodyParagraph" class="HomePageCest" feature="see hello web world in body paragraph" assertions="1" time="0.023972">
      <failure type="PHPUnit\Framework\ExpectationFailedException">HomePageCest: See hello web world in body paragraph
Failed asserting that any element by '"css":"body p"' on page / 
+ &lt;p&gt;File not found.
&lt;/p&gt;
contains text 'hello web world'

/Users/Computer/Documents/_____synch/0_ITB_teaching/_MODULE_s2_yr3_webFrame/02_assessment/2023/2_lab_test/test1_SAMPLE_Modules/test1_SAMPLE_ShoppingList_web/tests/_support/_generated/AcceptanceTesterActions.php:270
/Users/Computer/Documents/_____synch/0_ITB_teaching/_MODULE_s2_yr3_webFrame/02_assessment/2023/2_lab_test/test1_SAMPLE_Modules/test1_SAMPLE_ShoppingList_web/tests/acceptance/HomePageCest.php:68
/Users/Computer/Documents/_____synch/0_ITB_teaching/_MODULE_s2_yr3_webFrame/02_assessment/2023/2_lab_test/test1_SAMPLE_Modules/test1_SAMPLE_ShoppingList_web/vendor/bin/codecept:120
</failure>
    </testcase>
    <testcase file="/Users/Computer/Documents/_____synch/0_ITB_teaching/_MODULE_s2_yr3_webFrame/02_assessment/2023/2_lab_test/test1_SAMPLE_Modules/test1_SAMPLE_ShoppingList_web/tests/acceptance/HomePageCest.php" name="seeHelloWebWorldInBodyDirectChildParagraph" class="HomePageCest" feature="see hello web world in body direct child paragraph" assertions="1" time="0.019366">
      <failure type="PHPUnit\Framework\ExpectationFailedException">HomePageCest: See hello web world in body direct child paragraph
Failed asserting that any element by '"css":"body &gt; p"' on page / 
+ &lt;p&gt;File not found.
&lt;/p&gt;
contains text 'hello web world'

/Users/Computer/Documents/_____synch/0_ITB_teaching/_MODULE_s2_yr3_webFrame/02_assessment/2023/2_lab_test/test1_SAMPLE_Modules/test1_SAMPLE_ShoppingList_web/tests/_support/_generated/AcceptanceTesterActions.php:270
/Users/Computer/Documents/_____synch/0_ITB_teaching/_MODULE_s2_yr3_webFrame/02_assessment/2023/2_lab_test/test1_SAMPLE_Modules/test1_SAMPLE_ShoppingList_web/tests/acceptance/HomePageCest.php:74
/Users/Computer/Documents/_____synch/0_ITB_teaching/_MODULE_s2_yr3_webFrame/02_assessment/2023/2_lab_test/test1_SAMPLE_Modules/test1_SAMPLE_ShoppingList_web/vendor/bin/codecept:120
</failure>
    </testcase>
    <testcase file="/Users/Computer/Documents/_____synch/0_ITB_teaching/_MODULE_s2_yr3_webFrame/02_assessment/2023/2_lab_test/test1_SAMPLE_Modules/test1_SAMPLE_ShoppingList_web/tests/acceptance/HomePageCest.php" name="homePageIsValidHtmlDocument" class="HomePageCest" feature="home page is valid html document" assertions="1" time="0.140278">
      <failure type="PHPUnit\Framework\AssertionFailedError">HomePageCest: Home page is valid html document
Markup validator message:
Type: error
Summary: Non-space characters found without seeing a doctype first. Expected “&lt;!DOCTYPE html&gt;”.
Details: unavailable
First Line: unavailable
Last Line: 1
Markup: File not found.


Markup validator message:
Type: error
Summary: Element “head” is missing a required instance of child element “title”.
Details: unavailable
First Line: unavailable
Last Line: 1
Markup: File not found.


Markup validator message:
Type: warning
Summary: Consider adding a “lang” attribute to the “html” start tag to declare the language of this document.
Details: unavailable
First Line: unavailable
Last Line: 1
Markup: File not found.

/Users/Computer/Documents/_____synch/0_ITB_teaching/_MODULE_s2_yr3_webFrame/02_assessment/2023/2_lab_test/test1_SAMPLE_Modules/test1_SAMPLE_ShoppingList_web/vendor/mattsmithdev/codeception-markup-validator/sources/Module/MarkupValidator.php:107
/Users/Computer/Documents/_____synch/0_ITB_teaching/_MODULE_s2_yr3_webFrame/02_assessment/2023/2_lab_test/test1_SAMPLE_Modules/test1_SAMPLE_ShoppingList_web/tests/_support/_generated/AcceptanceTesterActions.php:1758
/Users/Computer/Documents/_____synch/0_ITB_teaching/_MODULE_s2_yr3_webFrame/02_assessment/2023/2_lab_test/test1_SAMPLE_Modules/test1_SAMPLE_ShoppingList_web/tests/acceptance/HomePageCest.php:81
/Users/Computer/Documents/_____synch/0_ITB_teaching/_MODULE_s2_yr3_webFrame/02_assessment/2023/2_lab_test/test1_SAMPLE_Modules/test1_SAMPLE_ShoppingList_web/vendor/bin/codecept:120
</failure>
    </testcase>
    <testcase file="/Users/Computer/Documents/_____synch/0_ITB_teaching/_MODULE_s2_yr3_webFrame/02_assessment/2023/2_lab_test/test1_SAMPLE_Modules/test1_SAMPLE_ShoppingList_web/tests/acceptance/HomePageCest.php" name="homePageIsValidHtmlDocumentNoWarnings" class="HomePageCest" feature="home page is valid html document no warnings" assertions="1" time="0.153272">
      <failure type="PHPUnit\Framework\AssertionFailedError">HomePageCest: Home page is valid html document no warnings
Markup validator message:
Type: error
Summary: Non-space characters found without seeing a doctype first. Expected “&lt;!DOCTYPE html&gt;”.
Details: unavailable
First Line: unavailable
Last Line: 1
Markup: File not found.


Markup validator message:
Type: error
Summary: Element “head” is missing a required instance of child element “title”.
Details: unavailable
First Line: unavailable
Last Line: 1
Markup: File not found.


Markup validator message:
Type: warning
Summary: Consider adding a “lang” attribute to the “html” start tag to declare the language of this document.
Details: unavailable
First Line: unavailable
Last Line: 1
Markup: File not found.

/Users/Computer/Documents/_____synch/0_ITB_teaching/_MODULE_s2_yr3_webFrame/02_assessment/2023/2_lab_test/test1_SAMPLE_Modules/test1_SAMPLE_ShoppingList_web/vendor/mattsmithdev/codeception-markup-validator/sources/Module/MarkupValidator.php:107
/Users/Computer/Documents/_____synch/0_ITB_teaching/_MODULE_s2_yr3_webFrame/02_assessment/2023/2_lab_test/test1_SAMPLE_Modules/test1_SAMPLE_ShoppingList_web/tests/_support/_generated/AcceptanceTesterActions.php:1758
/Users/Computer/Documents/_____synch/0_ITB_teaching/_MODULE_s2_yr3_webFrame/02_assessment/2023/2_lab_test/test1_SAMPLE_Modules/test1_SAMPLE_ShoppingList_web/tests/acceptance/HomePageCest.php:87
/Users/Computer/Documents/_____synch/0_ITB_teaching/_MODULE_s2_yr3_webFrame/02_assessment/2023/2_lab_test/test1_SAMPLE_Modules/test1_SAMPLE_ShoppingList_web/vendor/bin/codecept:120
</failure>
    </testcase>
    <testcase file="/Users/Computer/Documents/_____synch/0_ITB_teaching/_MODULE_s2_yr3_webFrame/02_assessment/2023/2_lab_test/test1_SAMPLE_Modules/test1_SAMPLE_ShoppingList_web/tests/acceptance/HomePageCest.php" name="seeLoginLinkOnHomePage" class="HomePageCest" feature="see login link on home page" assertions="1" time="0.025712">
      <failure type="PHPUnit\Framework\AssertionFailedError">HomePageCest: See login link on home page
No links containing text 'Login' were found in page /

/Users/Computer/Documents/_____synch/0_ITB_teaching/_MODULE_s2_yr3_webFrame/02_assessment/2023/2_lab_test/test1_SAMPLE_Modules/test1_SAMPLE_ShoppingList_web/tests/_support/_generated/AcceptanceTesterActions.php:367
/Users/Computer/Documents/_____synch/0_ITB_teaching/_MODULE_s2_yr3_webFrame/02_assessment/2023/2_lab_test/test1_SAMPLE_Modules/test1_SAMPLE_ShoppingList_web/tests/acceptance/HomePageCest.php:93
/Users/Computer/Documents/_____synch/0_ITB_teaching/_MODULE_s2_yr3_webFrame/02_assessment/2023/2_lab_test/test1_SAMPLE_Modules/test1_SAMPLE_ShoppingList_web/vendor/bin/codecept:120
</failure>
    </testcase>
  </testsuite>
  <testsuite name="unit" tests="13" assertions="1" errors="12" failures="0" skipped="0" time="0.004956">
    <testcase name="test_TYPE_1_01_ConGetSet_NotNullAfterConstruction" class="TudublinTest\Type1_ConstructGetSetTest" classname="TudublinTest.Type1_ConstructGetSetTest" file="/Users/Computer/Documents/_____synch/0_ITB_teaching/_MODULE_s2_yr3_webFrame/02_assessment/2023/2_lab_test/test1_SAMPLE_Modules/test1_SAMPLE_ShoppingList_web/tests/unit/Type1_Construct_Get_Set_Test.php" line="12" assertions="1" time="0.003113"/>
    <testcase name="test_TYPE_1_02_ConGetSet_ListNameCorrectAfterValidConstruction" class="TudublinTest\Type1_ConstructGetSetTest" classname="TudublinTest.Type1_ConstructGetSetTest" file="/Users/Computer/Documents/_____synch/0_ITB_teaching/_MODULE_s2_yr3_webFrame/02_assessment/2023/2_lab_test/test1_SAMPLE_Modules/test1_SAMPLE_ShoppingList_web/tests/unit/Type1_Construct_Get_Set_Test.php" line="24" assertions="0" time="0.000611">
      <error type="Error">TudublinTest\Type1_ConstructGetSetTest::test_TYPE_1_02_ConGetSet_ListNameCorrectAfterValidConstruction
Error: Call to undefined method Tudublin\ShoppingList::getName()

/Users/Computer/Documents/_____synch/0_ITB_teaching/_MODULE_s2_yr3_webFrame/02_assessment/2023/2_lab_test/test1_SAMPLE_Modules/test1_SAMPLE_ShoppingList_web/tests/unit/Type1_Construct_Get_Set_Test.php:31
/Users/Computer/Documents/_____synch/0_ITB_teaching/_MODULE_s2_yr3_webFrame/02_assessment/2023/2_lab_test/test1_SAMPLE_Modules/test1_SAMPLE_ShoppingList_web/vendor/bin/codecept:120
</error>
    </testcase>
    <testcase name="test_03_TYPE_1_ConGetSet_ListNameCorrectAfterAnotherValidConstruction" class="TudublinTest\Type1_ConstructGetSetTest" classname="TudublinTest.Type1_ConstructGetSetTest" file="/Users/Computer/Documents/_____synch/0_ITB_teaching/_MODULE_s2_yr3_webFrame/02_assessment/2023/2_lab_test/test1_SAMPLE_Modules/test1_SAMPLE_ShoppingList_web/tests/unit/Type1_Construct_Get_Set_Test.php" line="37" assertions="0" time="0.000137">
      <error type="Error">TudublinTest\Type1_ConstructGetSetTest::test_03_TYPE_1_ConGetSet_ListNameCorrectAfterAnotherValidConstruction
Error: Call to undefined method Tudublin\ShoppingList::getName()

/Users/Computer/Documents/_____synch/0_ITB_teaching/_MODULE_s2_yr3_webFrame/02_assessment/2023/2_lab_test/test1_SAMPLE_Modules/test1_SAMPLE_ShoppingList_web/tests/unit/Type1_Construct_Get_Set_Test.php:44
/Users/Computer/Documents/_____synch/0_ITB_teaching/_MODULE_s2_yr3_webFrame/02_assessment/2023/2_lab_test/test1_SAMPLE_Modules/test1_SAMPLE_ShoppingList_web/vendor/bin/codecept:120
</error>
    </testcase>
    <testcase name="test_04_TYPE_1_ConGetSet_DefaultArrayAfterConstruction" class="TudublinTest\Type1_ConstructGetSetTest" classname="TudublinTest.Type1_ConstructGetSetTest" file="/Users/Computer/Documents/_____synch/0_ITB_teaching/_MODULE_s2_yr3_webFrame/02_assessment/2023/2_lab_test/test1_SAMPLE_Modules/test1_SAMPLE_ShoppingList_web/tests/unit/Type1_Construct_Get_Set_Test.php" line="51" assertions="0" time="0.000122">
      <error type="Error">TudublinTest\Type1_ConstructGetSetTest::test_04_TYPE_1_ConGetSet_DefaultArrayAfterConstruction
Error: Call to undefined method Tudublin\ShoppingList::getList()

/Users/Computer/Documents/_____synch/0_ITB_teaching/_MODULE_s2_yr3_webFrame/02_assessment/2023/2_lab_test/test1_SAMPLE_Modules/test1_SAMPLE_ShoppingList_web/tests/unit/Type1_Construct_Get_Set_Test.php:60
/Users/Computer/Documents/_____synch/0_ITB_teaching/_MODULE_s2_yr3_webFrame/02_assessment/2023/2_lab_test/test1_SAMPLE_Modules/test1_SAMPLE_ShoppingList_web/vendor/bin/codecept:120
</error>
    </testcase>
    <testcase name="test_05_TYPE_1_ConGetSet_ThreeItemsAfterConstruction" class="TudublinTest\Type1_ConstructGetSetTest" classname="TudublinTest.Type1_ConstructGetSetTest" file="/Users/Computer/Documents/_____synch/0_ITB_teaching/_MODULE_s2_yr3_webFrame/02_assessment/2023/2_lab_test/test1_SAMPLE_Modules/test1_SAMPLE_ShoppingList_web/tests/unit/Type1_Construct_Get_Set_Test.php" line="67" assertions="0" time="0.000122">
      <error type="Error">TudublinTest\Type1_ConstructGetSetTest::test_05_TYPE_1_ConGetSet_ThreeItemsAfterConstruction
Error: Call to undefined method Tudublin\ShoppingList::getNumItems()

/Users/Computer/Documents/_____synch/0_ITB_teaching/_MODULE_s2_yr3_webFrame/02_assessment/2023/2_lab_test/test1_SAMPLE_Modules/test1_SAMPLE_ShoppingList_web/tests/unit/Type1_Construct_Get_Set_Test.php:74
/Users/Computer/Documents/_____synch/0_ITB_teaching/_MODULE_s2_yr3_webFrame/02_assessment/2023/2_lab_test/test1_SAMPLE_Modules/test1_SAMPLE_ShoppingList_web/vendor/bin/codecept:120
</error>
    </testcase>
    <testcase name="test_06_TYPE_2_BasicOperations_ListEmptyAfterAllItemsRemoved" class="TudublinTest\Type2_BasicOperationsTest" classname="TudublinTest.Type2_BasicOperationsTest" file="/Users/Computer/Documents/_____synch/0_ITB_teaching/_MODULE_s2_yr3_webFrame/02_assessment/2023/2_lab_test/test1_SAMPLE_Modules/test1_SAMPLE_ShoppingList_web/tests/unit/Type2_Basic_Operations_Test.php" line="14" assertions="0" time="0.000122">
      <error type="Error">TudublinTest\Type2_BasicOperationsTest::test_06_TYPE_2_BasicOperations_ListEmptyAfterAllItemsRemoved
Error: Call to undefined method Tudublin\ShoppingList::removeAllItems()

/Users/Computer/Documents/_____synch/0_ITB_teaching/_MODULE_s2_yr3_webFrame/02_assessment/2023/2_lab_test/test1_SAMPLE_Modules/test1_SAMPLE_ShoppingList_web/tests/unit/Type2_Basic_Operations_Test.php:18
/Users/Computer/Documents/_____synch/0_ITB_teaching/_MODULE_s2_yr3_webFrame/02_assessment/2023/2_lab_test/test1_SAMPLE_Modules/test1_SAMPLE_ShoppingList_web/vendor/bin/codecept:120
</error>
    </testcase>
    <testcase name="test_07_TYPE_2_BasicOperations_GetDefaultFirstItem" class="TudublinTest\Type2_BasicOperationsTest" classname="TudublinTest.Type2_BasicOperationsTest" file="/Users/Computer/Documents/_____synch/0_ITB_teaching/_MODULE_s2_yr3_webFrame/02_assessment/2023/2_lab_test/test1_SAMPLE_Modules/test1_SAMPLE_ShoppingList_web/tests/unit/Type2_Basic_Operations_Test.php" line="28" assertions="0" time="0.000108">
      <error type="Error">TudublinTest\Type2_BasicOperationsTest::test_07_TYPE_2_BasicOperations_GetDefaultFirstItem
Error: Call to undefined method Tudublin\ShoppingList::getFirstItem()

/Users/Computer/Documents/_____synch/0_ITB_teaching/_MODULE_s2_yr3_webFrame/02_assessment/2023/2_lab_test/test1_SAMPLE_Modules/test1_SAMPLE_ShoppingList_web/tests/unit/Type2_Basic_Operations_Test.php:35
/Users/Computer/Documents/_____synch/0_ITB_teaching/_MODULE_s2_yr3_webFrame/02_assessment/2023/2_lab_test/test1_SAMPLE_Modules/test1_SAMPLE_ShoppingList_web/vendor/bin/codecept:120
</error>
    </testcase>
    <testcase name="test_08_TYPE_3_Validation_LastErrorNoneAfterValidConstruction" class="TudublinTest\Type3_ValidationTest" classname="TudublinTest.Type3_ValidationTest" file="/Users/Computer/Documents/_____synch/0_ITB_teaching/_MODULE_s2_yr3_webFrame/02_assessment/2023/2_lab_test/test1_SAMPLE_Modules/test1_SAMPLE_ShoppingList_web/tests/unit/Type3_Validation_Test.php" line="15" assertions="0" time="0.000107">
      <error type="Error">TudublinTest\Type3_ValidationTest::test_08_TYPE_3_Validation_LastErrorNoneAfterValidConstruction
Error: Call to undefined method Tudublin\ShoppingList::getLastError()

/Users/Computer/Documents/_____synch/0_ITB_teaching/_MODULE_s2_yr3_webFrame/02_assessment/2023/2_lab_test/test1_SAMPLE_Modules/test1_SAMPLE_ShoppingList_web/tests/unit/Type3_Validation_Test.php:22
/Users/Computer/Documents/_____synch/0_ITB_teaching/_MODULE_s2_yr3_webFrame/02_assessment/2023/2_lab_test/test1_SAMPLE_Modules/test1_SAMPLE_ShoppingList_web/vendor/bin/codecept:120
</error>
    </testcase>
    <testcase name="test_09_TYPE_3_Validation_LastErrorEmptyStringAfterInValidConstruction" class="TudublinTest\Type3_ValidationTest" classname="TudublinTest.Type3_ValidationTest" file="/Users/Computer/Documents/_____synch/0_ITB_teaching/_MODULE_s2_yr3_webFrame/02_assessment/2023/2_lab_test/test1_SAMPLE_Modules/test1_SAMPLE_ShoppingList_web/tests/unit/Type3_Validation_Test.php" line="29" assertions="0" time="0.000103">
      <error type="Error">TudublinTest\Type3_ValidationTest::test_09_TYPE_3_Validation_LastErrorEmptyStringAfterInValidConstruction
Error: Call to undefined method Tudublin\ShoppingList::getLastError()

/Users/Computer/Documents/_____synch/0_ITB_teaching/_MODULE_s2_yr3_webFrame/02_assessment/2023/2_lab_test/test1_SAMPLE_Modules/test1_SAMPLE_ShoppingList_web/tests/unit/Type3_Validation_Test.php:36
/Users/Computer/Documents/_____synch/0_ITB_teaching/_MODULE_s2_yr3_webFrame/02_assessment/2023/2_lab_test/test1_SAMPLE_Modules/test1_SAMPLE_ShoppingList_web/vendor/bin/codecept:120
</error>
    </testcase>
    <testcase name="test_10_TYPE_3_Validation_LastErrorEmptyStringAfterEmptySetName" class="TudublinTest\Type3_ValidationTest" classname="TudublinTest.Type3_ValidationTest" file="/Users/Computer/Documents/_____synch/0_ITB_teaching/_MODULE_s2_yr3_webFrame/02_assessment/2023/2_lab_test/test1_SAMPLE_Modules/test1_SAMPLE_ShoppingList_web/tests/unit/Type3_Validation_Test.php" line="42" assertions="0" time="0.000099">
      <error type="Error">TudublinTest\Type3_ValidationTest::test_10_TYPE_3_Validation_LastErrorEmptyStringAfterEmptySetName
Error: Call to undefined method Tudublin\ShoppingList::setName()

/Users/Computer/Documents/_____synch/0_ITB_teaching/_MODULE_s2_yr3_webFrame/02_assessment/2023/2_lab_test/test1_SAMPLE_Modules/test1_SAMPLE_ShoppingList_web/tests/unit/Type3_Validation_Test.php:47
/Users/Computer/Documents/_____synch/0_ITB_teaching/_MODULE_s2_yr3_webFrame/02_assessment/2023/2_lab_test/test1_SAMPLE_Modules/test1_SAMPLE_ShoppingList_web/vendor/bin/codecept:120
</error>
    </testcase>
    <testcase name="test_11_TYPE_3_Validation_FalseWhenSubmitEmptyName" class="TudublinTest\Type3_ValidationTest" classname="TudublinTest.Type3_ValidationTest" file="/Users/Computer/Documents/_____synch/0_ITB_teaching/_MODULE_s2_yr3_webFrame/02_assessment/2023/2_lab_test/test1_SAMPLE_Modules/test1_SAMPLE_ShoppingList_web/tests/unit/Type3_Validation_Test.php" line="57" assertions="0" time="0.000101">
      <error type="Error">TudublinTest\Type3_ValidationTest::test_11_TYPE_3_Validation_FalseWhenSubmitEmptyName
Error: Call to undefined method Tudublin\ShoppingList::setName()

/Users/Computer/Documents/_____synch/0_ITB_teaching/_MODULE_s2_yr3_webFrame/02_assessment/2023/2_lab_test/test1_SAMPLE_Modules/test1_SAMPLE_ShoppingList_web/tests/unit/Type3_Validation_Test.php:63
/Users/Computer/Documents/_____synch/0_ITB_teaching/_MODULE_s2_yr3_webFrame/02_assessment/2023/2_lab_test/test1_SAMPLE_Modules/test1_SAMPLE_ShoppingList_web/vendor/bin/codecept:120
</error>
    </testcase>
    <testcase name="test_12_TYPE_3_Validation_EmptyItemNameLastErrorAfterAddToListWithEmptyString" class="TudublinTest\Type3_ValidationTest" classname="TudublinTest.Type3_ValidationTest" file="/Users/Computer/Documents/_____synch/0_ITB_teaching/_MODULE_s2_yr3_webFrame/02_assessment/2023/2_lab_test/test1_SAMPLE_Modules/test1_SAMPLE_ShoppingList_web/tests/unit/Type3_Validation_Test.php" line="69" assertions="0" time="0.000104">
      <error type="Error">TudublinTest\Type3_ValidationTest::test_12_TYPE_3_Validation_EmptyItemNameLastErrorAfterAddToListWithEmptyString
Error: Call to undefined method Tudublin\ShoppingList::addToList()

/Users/Computer/Documents/_____synch/0_ITB_teaching/_MODULE_s2_yr3_webFrame/02_assessment/2023/2_lab_test/test1_SAMPLE_Modules/test1_SAMPLE_ShoppingList_web/tests/unit/Type3_Validation_Test.php:74
/Users/Computer/Documents/_____synch/0_ITB_teaching/_MODULE_s2_yr3_webFrame/02_assessment/2023/2_lab_test/test1_SAMPLE_Modules/test1_SAMPLE_ShoppingList_web/vendor/bin/codecept:120
</error>
    </testcase>
    <testcase name="test_13_TYPE_4_MainLogic_ItemAddedToListWhenValidItemName" class="TudublinTest\Type4_MainLogicTest" classname="TudublinTest.Type4_MainLogicTest" file="/Users/Computer/Documents/_____synch/0_ITB_teaching/_MODULE_s2_yr3_webFrame/02_assessment/2023/2_lab_test/test1_SAMPLE_Modules/test1_SAMPLE_ShoppingList_web/tests/unit/Type4_Main_Logic_Test.php" line="14" assertions="0" time="0.000106">
      <error type="Error">TudublinTest\Type4_MainLogicTest::test_13_TYPE_4_MainLogic_ItemAddedToListWhenValidItemName
Error: Call to undefined method Tudublin\ShoppingList::addToList()

/Users/Computer/Documents/_____synch/0_ITB_teaching/_MODULE_s2_yr3_webFrame/02_assessment/2023/2_lab_test/test1_SAMPLE_Modules/test1_SAMPLE_ShoppingList_web/tests/unit/Type4_Main_Logic_Test.php:18
/Users/Computer/Documents/_____synch/0_ITB_teaching/_MODULE_s2_yr3_webFrame/02_assessment/2023/2_lab_test/test1_SAMPLE_Modules/test1_SAMPLE_ShoppingList_web/vendor/bin/codecept:120
</error>
    </testcase>
  </testsuite>
</testsuites>
